<?xml version="1.0" encoding="utf-8"?><testsuites name="pytest tests"><testsuite name="pytest" errors="0" failures="2" skipped="0" tests="43" time="17.375" timestamp="2026-02-06T16:16:21.131568+00:00" hostname="agent-env-0ab420aa-ad8a-487f-95c1-2b621da67e65"><testcase classname="backend.tests.test_full_verification.TestHealthAndSetup" name="test_01_health_check" time="0.004" /><testcase classname="backend.tests.test_full_verification.TestHealthAndSetup" name="test_02_register_test_rider" time="0.009" /><testcase classname="backend.tests.test_full_verification.TestHealthAndSetup" name="test_03_register_test_driver" time="0.008" /><testcase classname="backend.tests.test_full_verification.TestHealthAndSetup" name="test_04_start_driver_subscription_trial" time="0.006" /><testcase classname="backend.tests.test_full_verification.TestRiderFullFlow" name="test_01_create_trip_with_offered_fare" time="0.318" /><testcase classname="backend.tests.test_full_verification.TestRiderFullFlow" name="test_02_get_trip_status" time="0.003" /><testcase classname="backend.tests.test_full_verification.TestRiderFullFlow" name="test_03_check_active_trip_before_accept" time="0.003" /><testcase classname="backend.tests.test_full_verification.TestRiderFullFlow" name="test_04_driver_accepts_trip" time="0.009" /><testcase classname="backend.tests.test_full_verification.TestRiderFullFlow" name="test_05_check_active_trip_after_accept" time="0.003" /><testcase classname="backend.tests.test_full_verification.TestRiderFullFlow" name="test_06_rider_sends_chat_message" time="0.004" /><testcase classname="backend.tests.test_full_verification.TestRiderFullFlow" name="test_07_call_driver" time="0.018" /><testcase classname="backend.tests.test_full_verification.TestRiderFullFlow" name="test_08_start_trip" time="0.003" /><testcase classname="backend.tests.test_full_verification.TestRiderFullFlow" name="test_09_complete_trip" time="0.005" /><testcase classname="backend.tests.test_full_verification.TestRiderFullFlow" name="test_10_rate_trip" time="0.008" /><testcase classname="backend.tests.test_full_verification.TestRiderFullFlow" name="test_11_get_receipt" time="0.002"><failure message="AssertionError: Receipt failed: 500&#10;assert 500 == 200&#10; +  where 500 = &lt;Response [500]&gt;.status_code">backend/tests/test_full_verification.py:333: in test_11_get_receipt
    assert response.status_code == 200, f"Receipt failed: {response.status_code}"
E   AssertionError: Receipt failed: 500
E   assert 500 == 200
E    +  where 500 = &lt;Response [500]&gt;.status_code</failure></testcase><testcase classname="backend.tests.test_full_verification.TestBiddingFlow" name="test_01_create_bid" time="0.003" /><testcase classname="backend.tests.test_full_verification.TestBiddingFlow" name="test_02_get_open_bids" time="0.002" /><testcase classname="backend.tests.test_full_verification.TestBiddingFlow" name="test_03_driver_counter_offer" time="0.003" /><testcase classname="backend.tests.test_full_verification.TestBiddingFlow" name="test_04_rider_accepts_offer" time="0.004" /><testcase classname="backend.tests.test_full_verification.TestAIFeatures" name="test_01_traffic_predict" time="5.068" /><testcase classname="backend.tests.test_full_verification.TestAIFeatures" name="test_02_accident_risk_predict" time="5.405" /><testcase classname="backend.tests.test_full_verification.TestAIFeatures" name="test_03_coach_suggestions" time="6.271" /><testcase classname="backend.tests.test_full_verification.TestAIFeatures" name="test_04_driver_awareness" time="0.002" /><testcase classname="backend.tests.test_full_verification.TestWallet" name="test_01_get_wallet" time="0.003" /><testcase classname="backend.tests.test_full_verification.TestWallet" name="test_02_wallet_topup" time="0.004" /><testcase classname="backend.tests.test_full_verification.TestRiderPreferences" name="test_01_get_rider_preferences" time="0.004" /><testcase classname="backend.tests.test_full_verification.TestRiderPreferences" name="test_02_update_rider_preferences" time="0.003" /><testcase classname="backend.tests.test_full_verification.TestSafety" name="test_01_sos_trigger" time="0.004" /><testcase classname="backend.tests.test_full_verification.TestSafety" name="test_02_get_danger_zones" time="0.006" /><testcase classname="backend.tests.test_full_verification.TestSafety" name="test_03_get_safety_alerts" time="0.002" /><testcase classname="backend.tests.test_full_verification.TestCommunity" name="test_01_get_community_groups" time="0.013" /><testcase classname="backend.tests.test_full_verification.TestCommunity" name="test_02_get_community_events" time="0.005" /><testcase classname="backend.tests.test_full_verification.TestDriverFeatures" name="test_01_get_driver_stats" time="0.005" /><testcase classname="backend.tests.test_full_verification.TestDriverFeatures" name="test_02_get_driver_earnings" time="0.003" /><testcase classname="backend.tests.test_full_verification.TestDriverFeatures" name="test_03_get_driver_tier" time="0.005" /><testcase classname="backend.tests.test_full_verification.TestDriverFeatures" name="test_04_get_driver_streaks" time="0.003" /><testcase classname="backend.tests.test_full_verification.TestDriverFeatures" name="test_05_get_driver_heatmap" time="0.002" /><testcase classname="backend.tests.test_full_verification.TestDriverPollAndOnline" name="test_01_driver_go_online" time="0.002"><failure message="AssertionError: Go online failed: 403&#10;assert 403 == 200&#10; +  where 403 = &lt;Response [403]&gt;.status_code">backend/tests/test_full_verification.py:702: in test_01_driver_go_online
    assert response.status_code == 200, f"Go online failed: {response.status_code}"
E   AssertionError: Go online failed: 403
E   assert 403 == 200
E    +  where 403 = &lt;Response [403]&gt;.status_code</failure></testcase><testcase classname="backend.tests.test_full_verification.TestDriverPollAndOnline" name="test_02_poll_pending_trips" time="0.003" /><testcase classname="backend.tests.test_full_verification.TestCallFeature" name="test_01_call_nonexistent_trip" time="0.002" /><testcase classname="backend.tests.test_full_verification.TestCallFeature" name="test_02_call_completed_trip_should_fail" time="0.002" /><testcase classname="backend.tests.test_full_verification.TestEdgeCases" name="test_01_accept_without_driver_id" time="0.002" /><testcase classname="backend.tests.test_full_verification.TestEdgeCases" name="test_02_get_nonexistent_trip" time="0.003" /></testsuite></testsuites>