<?xml version="1.0" encoding="utf-8"?><testsuites name="pytest tests"><testsuite name="pytest" errors="0" failures="1" skipped="0" tests="43" time="44.260" timestamp="2026-02-06T16:17:40.777504+00:00" hostname="agent-env-0ab420aa-ad8a-487f-95c1-2b621da67e65"><testcase classname="backend.tests.test_full_verification.TestHealthAndSetup" name="test_01_health_check" time="0.008" /><testcase classname="backend.tests.test_full_verification.TestHealthAndSetup" name="test_02_register_test_rider" time="0.017" /><testcase classname="backend.tests.test_full_verification.TestHealthAndSetup" name="test_03_register_test_driver" time="0.010" /><testcase classname="backend.tests.test_full_verification.TestHealthAndSetup" name="test_04_start_driver_subscription_trial" time="0.015" /><testcase classname="backend.tests.test_full_verification.TestRiderFullFlow" name="test_01_create_trip_with_offered_fare" time="0.280" /><testcase classname="backend.tests.test_full_verification.TestRiderFullFlow" name="test_02_get_trip_status" time="0.004" /><testcase classname="backend.tests.test_full_verification.TestRiderFullFlow" name="test_03_check_active_trip_before_accept" time="0.004" /><testcase classname="backend.tests.test_full_verification.TestRiderFullFlow" name="test_04_driver_accepts_trip" time="0.013" /><testcase classname="backend.tests.test_full_verification.TestRiderFullFlow" name="test_05_check_active_trip_after_accept" time="0.006" /><testcase classname="backend.tests.test_full_verification.TestRiderFullFlow" name="test_06_rider_sends_chat_message" time="0.010" /><testcase classname="backend.tests.test_full_verification.TestRiderFullFlow" name="test_07_call_driver" time="0.008" /><testcase classname="backend.tests.test_full_verification.TestRiderFullFlow" name="test_08_start_trip" time="0.008" /><testcase classname="backend.tests.test_full_verification.TestRiderFullFlow" name="test_09_complete_trip" time="0.016" /><testcase classname="backend.tests.test_full_verification.TestRiderFullFlow" name="test_10_rate_trip" time="0.016" /><testcase classname="backend.tests.test_full_verification.TestRiderFullFlow" name="test_11_get_receipt" time="0.007" /><testcase classname="backend.tests.test_full_verification.TestBiddingFlow" name="test_01_create_bid" time="0.006" /><testcase classname="backend.tests.test_full_verification.TestBiddingFlow" name="test_02_get_open_bids" time="0.008" /><testcase classname="backend.tests.test_full_verification.TestBiddingFlow" name="test_03_driver_counter_offer" time="0.009" /><testcase classname="backend.tests.test_full_verification.TestBiddingFlow" name="test_04_rider_accepts_offer" time="0.012" /><testcase classname="backend.tests.test_full_verification.TestAIFeatures" name="test_01_traffic_predict" time="3.321" /><testcase classname="backend.tests.test_full_verification.TestAIFeatures" name="test_02_accident_risk_predict" time="21.132" /><testcase classname="backend.tests.test_full_verification.TestAIFeatures" name="test_03_coach_suggestions" time="19.105" /><testcase classname="backend.tests.test_full_verification.TestAIFeatures" name="test_04_driver_awareness" time="0.003" /><testcase classname="backend.tests.test_full_verification.TestWallet" name="test_01_get_wallet" time="0.003" /><testcase classname="backend.tests.test_full_verification.TestWallet" name="test_02_wallet_topup" time="0.007" /><testcase classname="backend.tests.test_full_verification.TestRiderPreferences" name="test_01_get_rider_preferences" time="0.004" /><testcase classname="backend.tests.test_full_verification.TestRiderPreferences" name="test_02_update_rider_preferences" time="0.004" /><testcase classname="backend.tests.test_full_verification.TestSafety" name="test_01_sos_trigger" time="0.007" /><testcase classname="backend.tests.test_full_verification.TestSafety" name="test_02_get_danger_zones" time="0.004" /><testcase classname="backend.tests.test_full_verification.TestSafety" name="test_03_get_safety_alerts" time="0.004" /><testcase classname="backend.tests.test_full_verification.TestCommunity" name="test_01_get_community_groups" time="0.019" /><testcase classname="backend.tests.test_full_verification.TestCommunity" name="test_02_get_community_events" time="0.003" /><testcase classname="backend.tests.test_full_verification.TestDriverFeatures" name="test_01_get_driver_stats" time="0.006" /><testcase classname="backend.tests.test_full_verification.TestDriverFeatures" name="test_02_get_driver_earnings" time="0.003" /><testcase classname="backend.tests.test_full_verification.TestDriverFeatures" name="test_03_get_driver_tier" time="0.003" /><testcase classname="backend.tests.test_full_verification.TestDriverFeatures" name="test_04_get_driver_streaks" time="0.003" /><testcase classname="backend.tests.test_full_verification.TestDriverFeatures" name="test_05_get_driver_heatmap" time="0.003" /><testcase classname="backend.tests.test_full_verification.TestDriverPollAndOnline" name="test_01_driver_go_online" time="0.007"><failure message="AssertionError: assert None == True&#10; +  where None = &lt;built-in method get of dict object at 0xfd421124c7c0&gt;('is_online')&#10; +    where &lt;built-in method get of dict object at 0xfd421124c7c0&gt; = {'message': 'Driver is now online'}.get">backend/tests/test_full_verification.py:705: in test_01_driver_go_online
    assert data.get("is_online") == True
E   AssertionError: assert None == True
E    +  where None = &lt;built-in method get of dict object at 0xfd421124c7c0&gt;('is_online')
E    +    where &lt;built-in method get of dict object at 0xfd421124c7c0&gt; = {'message': 'Driver is now online'}.get</failure></testcase><testcase classname="backend.tests.test_full_verification.TestDriverPollAndOnline" name="test_02_poll_pending_trips" time="0.004" /><testcase classname="backend.tests.test_full_verification.TestCallFeature" name="test_01_call_nonexistent_trip" time="0.002" /><testcase classname="backend.tests.test_full_verification.TestCallFeature" name="test_02_call_completed_trip_should_fail" time="0.002" /><testcase classname="backend.tests.test_full_verification.TestEdgeCases" name="test_01_accept_without_driver_id" time="0.002" /><testcase classname="backend.tests.test_full_verification.TestEdgeCases" name="test_02_get_nonexistent_trip" time="0.004" /></testsuite></testsuites>