<?xml version="1.0" encoding="utf-8"?><testsuites name="pytest tests"><testsuite name="pytest" errors="0" failures="0" skipped="0" tests="25" time="1.512" timestamp="2026-02-06T13:16:58.006646+00:00" hostname="agent-env-4b016d0f-37f5-46af-9ad9-d34a63c90120"><testcase classname="backend.tests.test_community_spice.TestCommunityGroups" name="test_get_community_groups_returns_list" time="0.080" /><testcase classname="backend.tests.test_community_spice.TestCommunityPolls" name="test_create_poll_success" time="0.073" /><testcase classname="backend.tests.test_community_spice.TestCommunityPolls" name="test_create_poll_empty_question_fails" time="0.045" /><testcase classname="backend.tests.test_community_spice.TestCommunityPolls" name="test_create_poll_too_few_options_fails" time="0.036" /><testcase classname="backend.tests.test_community_spice.TestCommunityPolls" name="test_create_poll_too_many_options_fails" time="0.033" /><testcase classname="backend.tests.test_community_spice.TestCommunityPolls" name="test_get_group_polls" time="0.075" /><testcase classname="backend.tests.test_community_spice.TestPollVoting" name="test_vote_on_poll_success" time="0.077" /><testcase classname="backend.tests.test_community_spice.TestPollVoting" name="test_vote_duplicate_rejected" time="0.114" /><testcase classname="backend.tests.test_community_spice.TestPollVoting" name="test_vote_invalid_option_rejected" time="0.067" /><testcase classname="backend.tests.test_community_spice.TestPollVoting" name="test_vote_nonexistent_poll_fails" time="0.032" /><testcase classname="backend.tests.test_community_spice.TestPinnedMessages" name="test_pin_message_success" time="0.065" /><testcase classname="backend.tests.test_community_spice.TestPinnedMessages" name="test_unpin_message_success" time="0.142" /><testcase classname="backend.tests.test_community_spice.TestPinnedMessages" name="test_get_pinned_messages_for_group" time="0.033" /><testcase classname="backend.tests.test_community_spice.TestCommunityEvents" name="test_create_event_success" time="0.033" /><testcase classname="backend.tests.test_community_spice.TestCommunityEvents" name="test_create_event_empty_title_fails" time="0.037" /><testcase classname="backend.tests.test_community_spice.TestCommunityEvents" name="test_get_all_events" time="0.034" /><testcase classname="backend.tests.test_community_spice.TestCommunityEvents" name="test_get_events_filtered_by_group" time="0.032" /><testcase classname="backend.tests.test_community_spice.TestEventRSVP" name="test_rsvp_add_success" time="0.073" /><testcase classname="backend.tests.test_community_spice.TestEventRSVP" name="test_rsvp_toggle_remove" time="0.104" /><testcase classname="backend.tests.test_community_spice.TestEventRSVP" name="test_rsvp_nonexistent_event_fails" time="0.035" /><testcase classname="backend.tests.test_community_spice.TestSeededContent" name="test_seeded_messages_exist" time="0.062" /><testcase classname="backend.tests.test_community_spice.TestSeededContent" name="test_post_new_message_success" time="0.036" /><testcase classname="backend.tests.test_community_spice.TestSeededContent" name="test_post_empty_message_fails" time="0.034" /><testcase classname="backend.tests.test_community_spice.TestSeedDataVerification" name="test_seeded_polls_exist" time="0.034" /><testcase classname="backend.tests.test_community_spice.TestSeedDataVerification" name="test_seeded_events_exist" time="0.034" /></testsuite></testsuites>