<?xml version="1.0" encoding="utf-8"?><testsuites name="pytest tests"><testsuite name="pytest" errors="0" failures="0" skipped="0" tests="18" time="1.054" timestamp="2026-02-06T13:29:34.575851+00:00" hostname="agent-env-4b016d0f-37f5-46af-9ad9-d34a63c90120"><testcase classname="backend.tests.test_refactored_endpoints.TestHealthCheck" name="test_health_check_endpoint" time="0.073" /><testcase classname="backend.tests.test_refactored_endpoints.TestCommunityGroupsRefactored" name="test_get_community_groups" time="0.044" /><testcase classname="backend.tests.test_refactored_endpoints.TestCommunityMessagesRefactored" name="test_get_group_messages" time="0.038" /><testcase classname="backend.tests.test_refactored_endpoints.TestCommunityMessagesRefactored" name="test_post_group_message" time="0.077" /><testcase classname="backend.tests.test_refactored_endpoints.TestCommunityMessagesRefactored" name="test_like_message" time="0.070" /><testcase classname="backend.tests.test_refactored_endpoints.TestCommunityPollsRefactored" name="test_create_poll" time="0.034" /><testcase classname="backend.tests.test_refactored_endpoints.TestCommunityPollsRefactored" name="test_get_group_polls" time="0.038" /><testcase classname="backend.tests.test_refactored_endpoints.TestCommunityPollsRefactored" name="test_vote_on_poll" time="0.082" /><testcase classname="backend.tests.test_refactored_endpoints.TestCommunityPollsRefactored" name="test_duplicate_vote_rejected" time="0.105" /><testcase classname="backend.tests.test_refactored_endpoints.TestPinnedMessagesRefactored" name="test_get_pinned_messages" time="0.037" /><testcase classname="backend.tests.test_refactored_endpoints.TestCommunityEventsRefactored" name="test_create_event" time="0.030" /><testcase classname="backend.tests.test_refactored_endpoints.TestCommunityEventsRefactored" name="test_get_events" time="0.032" /><testcase classname="backend.tests.test_refactored_endpoints.TestCommunityEventsRefactored" name="test_rsvp_to_event" time="0.069" /><testcase classname="backend.tests.test_refactored_endpoints.TestCommunityEventsRefactored" name="test_rsvp_toggle" time="0.105" /><testcase classname="backend.tests.test_refactored_endpoints.TestSafetyDangerZonesRefactored" name="test_get_danger_zones" time="0.036" /><testcase classname="backend.tests.test_refactored_endpoints.TestSafetyDangerZonesRefactored" name="test_get_danger_zones_with_coords" time="0.032" /><testcase classname="backend.tests.test_refactored_endpoints.TestSafetyDangerZonesRefactored" name="test_report_danger_zone" time="0.037" /><testcase classname="backend.tests.test_refactored_endpoints.TestSafetyAlertsRefactored" name="test_get_safety_alerts" time="0.034" /></testsuite></testsuites>