<?xml version="1.0" encoding="utf-8"?><testsuites name="pytest tests"><testsuite name="pytest" errors="0" failures="0" skipped="0" tests="13" time="6.322" timestamp="2026-02-06T17:47:37.270484+00:00" hostname="agent-env-c9f16252-161f-4e7e-92f8-b5c27d2bb623"><testcase classname="backend.tests.test_chat_websocket.TestHealthEndpoint" name="test_health_endpoint" time="0.054" /><testcase classname="backend.tests.test_chat_websocket.TestChatPresets" name="test_get_rider_presets" time="0.036" /><testcase classname="backend.tests.test_chat_websocket.TestChatPresets" name="test_get_driver_presets" time="0.033" /><testcase classname="backend.tests.test_chat_websocket.TestChatPresets" name="test_invalid_role_returns_rider_presets" time="0.034" /><testcase classname="backend.tests.test_chat_websocket.TestAIChat" name="test_ai_chat_basic_message" time="2.845" /><testcase classname="backend.tests.test_chat_websocket.TestAIChat" name="test_ai_chat_maintains_session" time="2.910" /><testcase classname="backend.tests.test_chat_websocket.TestChatHistory" name="test_get_chat_history_for_existing_user" time="0.058" /><testcase classname="backend.tests.test_chat_websocket.TestChatHistory" name="test_get_chat_history_for_new_user" time="0.034" /><testcase classname="backend.tests.test_chat_websocket.TestUnreadCount" name="test_get_unread_count" time="0.035" /><testcase classname="backend.tests.test_chat_websocket.TestUnreadCount" name="test_get_unread_count_new_user" time="0.074" /><testcase classname="backend.tests.test_chat_websocket.TestWebSocketChat" name="test_websocket_connection" time="0.051" /><testcase classname="backend.tests.test_chat_websocket.TestWebSocketChat" name="test_websocket_send_message" time="0.058" /><testcase classname="backend.tests.test_chat_websocket.TestWebSocketSync" name="test_websocket_basic_connection" time="0.046" /></testsuite></testsuites>