<?xml version="1.0" encoding="utf-8"?><testsuites name="pytest tests"><testsuite name="pytest" errors="0" failures="1" skipped="0" tests="10" time="2.509" timestamp="2026-02-06T15:04:58.608284+00:00" hostname="agent-env-0ab420aa-ad8a-487f-95c1-2b621da67e65"><testcase classname="backend.tests.test_active_trip_and_call.TestActiveTrip" name="test_01_no_active_trip_returns_false" time="0.073" /><testcase classname="backend.tests.test_active_trip_and_call.TestActiveTrip" name="test_02_active_trip_returns_true_for_rider" time="0.175" /><testcase classname="backend.tests.test_active_trip_and_call.TestActiveTrip" name="test_03_active_trip_after_driver_accepts" time="0.440" /><testcase classname="backend.tests.test_active_trip_and_call.TestCallEndpoint" name="test_01_call_nonexistent_trip_returns_404" time="0.050" /><testcase classname="backend.tests.test_active_trip_and_call.TestCallEndpoint" name="test_02_call_completed_trip_returns_403" time="0.388" /><testcase classname="backend.tests.test_active_trip_and_call.TestCallEndpoint" name="test_03_call_pending_trip_no_driver" time="0.113"><failure message="AssertionError: Expected 404 for pending trip with no driver, got 403: {&quot;detail&quot;:&quot;Calls only allowed during active trips&quot;}&#10;assert 403 == 404&#10; +  where 403 = &lt;Response [403]&gt;.status_code">backend/tests/test_active_trip_and_call.py:262: in test_03_call_pending_trip_no_driver
    assert response.status_code == 404, f"Expected 404 for pending trip with no driver, got {response.status_code}: {response.text}"
E   AssertionError: Expected 404 for pending trip with no driver, got 403: {"detail":"Calls only allowed during active trips"}
E   assert 403 == 404
E    +  where 403 = &lt;Response [403]&gt;.status_code</failure></testcase><testcase classname="backend.tests.test_active_trip_and_call.TestCallEndpoint" name="test_04_call_rate_limiting" time="0.366" /><testcase classname="backend.tests.test_active_trip_and_call.TestCallWithPhoneNumber" name="test_01_verify_phone_number_field_requirement" time="0.311" /><testcase classname="backend.tests.test_active_trip_and_call.TestActiveTripStatus" name="test_01_pending_driver_offers_not_active" time="0.178" /><testcase classname="backend.tests.test_active_trip_and_call.TestActiveTripStatus" name="test_02_accepted_status_is_active" time="0.323" /></testsuite></testsuites>