<?xml version="1.0" encoding="utf-8"?><testsuites name="pytest tests"><testsuite name="pytest" errors="0" failures="0" skipped="0" tests="11" time="1.790" timestamp="2026-02-06T17:59:44.876142+00:00" hostname="agent-env-c9f16252-161f-4e7e-92f8-b5c27d2bb623"><testcase classname="backend.tests.test_users_router_extraction.TestHealthEndpoint" name="test_health_check" time="0.066" /><testcase classname="backend.tests.test_users_router_extraction.TestUsersRouterPreferences" name="test_get_preferences_existing_user" time="0.038" /><testcase classname="backend.tests.test_users_router_extraction.TestUsersRouterEmergencyContacts" name="test_get_emergency_contacts_nonexistent_user" time="0.039" /><testcase classname="backend.tests.test_users_router_extraction.TestUsersRouterEmergencyContacts" name="test_emergency_contacts_structure" time="0.070" /><testcase classname="backend.tests.test_users_router_extraction.TestUsersRouterNotifications" name="test_get_notifications_structure" time="0.077" /><testcase classname="backend.tests.test_users_router_extraction.TestUsersRouterFemaleDrivers" name="test_get_available_female_drivers" time="0.043" /><testcase classname="backend.tests.test_users_router_extraction.TestChatRouterStillWorks" name="test_chat_presets_rider" time="0.036" /><testcase classname="backend.tests.test_users_router_extraction.TestChatRouterStillWorks" name="test_chat_ai_endpoint" time="1.202" /><testcase classname="backend.tests.test_users_router_extraction.TestAuthStillWorks" name="test_send_otp" time="0.050" /><testcase classname="backend.tests.test_users_router_extraction.TestSubscriptionStillWorks" name="test_subscription_pricing" time="0.053" /><testcase classname="backend.tests.test_users_router_extraction.TestWebSocketChatStillWorks" name="test_websocket_connection" time="0.050" /></testsuite></testsuites>