<?xml version="1.0" encoding="utf-8"?><testsuites name="pytest tests"><testsuite name="pytest" errors="0" failures="0" skipped="0" tests="10" time="2.524" timestamp="2026-02-06T15:05:19.360507+00:00" hostname="agent-env-0ab420aa-ad8a-487f-95c1-2b621da67e65"><testcase classname="backend.tests.test_active_trip_and_call.TestActiveTrip" name="test_01_no_active_trip_returns_false" time="0.069" /><testcase classname="backend.tests.test_active_trip_and_call.TestActiveTrip" name="test_02_active_trip_returns_true_for_rider" time="0.201" /><testcase classname="backend.tests.test_active_trip_and_call.TestActiveTrip" name="test_03_active_trip_after_driver_accepts" time="0.397" /><testcase classname="backend.tests.test_active_trip_and_call.TestCallEndpoint" name="test_01_call_nonexistent_trip_returns_404" time="0.040" /><testcase classname="backend.tests.test_active_trip_and_call.TestCallEndpoint" name="test_02_call_completed_trip_returns_403" time="0.400" /><testcase classname="backend.tests.test_active_trip_and_call.TestCallEndpoint" name="test_03_call_pending_trip_no_driver" time="0.174" /><testcase classname="backend.tests.test_active_trip_and_call.TestCallEndpoint" name="test_04_call_rate_limiting" time="0.256" /><testcase classname="backend.tests.test_active_trip_and_call.TestCallWithPhoneNumber" name="test_01_verify_phone_number_field_requirement" time="0.372" /><testcase classname="backend.tests.test_active_trip_and_call.TestActiveTripStatus" name="test_01_pending_driver_offers_not_active" time="0.225" /><testcase classname="backend.tests.test_active_trip_and_call.TestActiveTripStatus" name="test_02_accepted_status_is_active" time="0.313" /></testsuite></testsuites>