<?xml version="1.0" encoding="utf-8"?><testsuites name="pytest tests"><testsuite name="pytest" errors="0" failures="2" skipped="0" tests="11" time="2.117" timestamp="2026-02-06T17:59:16.397088+00:00" hostname="agent-env-c9f16252-161f-4e7e-92f8-b5c27d2bb623"><testcase classname="backend.tests.test_users_router_extraction.TestHealthEndpoint" name="test_health_check" time="0.078" /><testcase classname="backend.tests.test_users_router_extraction.TestUsersRouterPreferences" name="test_get_preferences_existing_user" time="0.040" /><testcase classname="backend.tests.test_users_router_extraction.TestUsersRouterEmergencyContacts" name="test_get_emergency_contacts_nonexistent_user" time="0.076" /><testcase classname="backend.tests.test_users_router_extraction.TestUsersRouterEmergencyContacts" name="test_emergency_contacts_structure" time="0.037"><failure message="requests.exceptions.JSONDecodeError: Expecting value: line 1 column 1 (char 0)">/root/.venv/lib/python3.11/site-packages/requests/models.py:976: in json
    return complexjson.loads(self.text, **kwargs)
           ^^^^^^^^^^^^^^^^^^^^^^^^^^^^^^^^^^^^^^
/usr/local/lib/python3.11/json/__init__.py:346: in loads
    return _default_decoder.decode(s)
           ^^^^^^^^^^^^^^^^^^^^^^^^^^
/usr/local/lib/python3.11/json/decoder.py:337: in decode
    obj, end = self.raw_decode(s, idx=_w(s, 0).end())
               ^^^^^^^^^^^^^^^^^^^^^^^^^^^^^^^^^^^^^^
/usr/local/lib/python3.11/json/decoder.py:355: in raw_decode
    raise JSONDecodeError("Expecting value", s, err.value) from None
E   json.decoder.JSONDecodeError: Expecting value: line 1 column 1 (char 0)

During handling of the above exception, another exception occurred:
backend/tests/test_users_router_extraction.py:66: in test_emergency_contacts_structure
    user_data = register_response.json()
                ^^^^^^^^^^^^^^^^^^^^^^^^
/root/.venv/lib/python3.11/site-packages/requests/models.py:980: in json
    raise RequestsJSONDecodeError(e.msg, e.doc, e.pos)
E   requests.exceptions.JSONDecodeError: Expecting value: line 1 column 1 (char 0)</failure></testcase><testcase classname="backend.tests.test_users_router_extraction.TestUsersRouterNotifications" name="test_get_notifications_structure" time="0.040" /><testcase classname="backend.tests.test_users_router_extraction.TestUsersRouterFemaleDrivers" name="test_get_available_female_drivers" time="0.041" /><testcase classname="backend.tests.test_users_router_extraction.TestChatRouterStillWorks" name="test_chat_presets_rider" time="0.047" /><testcase classname="backend.tests.test_users_router_extraction.TestChatRouterStillWorks" name="test_chat_ai_endpoint" time="1.547" /><testcase classname="backend.tests.test_users_router_extraction.TestAuthStillWorks" name="test_send_otp" time="0.037" /><testcase classname="backend.tests.test_users_router_extraction.TestSubscriptionStillWorks" name="test_subscription_pricing" time="0.039" /><testcase classname="backend.tests.test_users_router_extraction.TestWebSocketChatStillWorks" name="test_websocket_connection" time="0.008"><failure message="Failed: WebSocket connection failed: BaseEventLoop.create_connection() got an unexpected keyword argument 'timeout'">backend/tests/test_users_router_extraction.py:186: in test_websocket_connection
    async with websockets.connect(ws_url, timeout=10) as ws:
/root/.venv/lib/python3.11/site-packages/websockets/asyncio/client.py:587: in __aenter__
    return await self
           ^^^^^^^^^^
/root/.venv/lib/python3.11/site-packages/websockets/asyncio/client.py:541: in __await_impl__
    self.connection = await self.create_connection()
                      ^^^^^^^^^^^^^^^^^^^^^^^^^^^^^^
/root/.venv/lib/python3.11/site-packages/websockets/asyncio/client.py:467: in create_connection
    _, connection = await loop.create_connection(factory, **kwargs)
                          ^^^^^^^^^^^^^^^^^^^^^^^^^^^^^^^^^^^^^^^^^
E   TypeError: BaseEventLoop.create_connection() got an unexpected keyword argument 'timeout'

During handling of the above exception, another exception occurred:
backend/tests/test_users_router_extraction.py:195: in test_websocket_connection
    pytest.fail(f"WebSocket connection failed: {e}")
E   Failed: WebSocket connection failed: BaseEventLoop.create_connection() got an unexpected keyword argument 'timeout'</failure></testcase></testsuite></testsuites>