<?xml version="1.0" encoding="utf-8"?><testsuites name="pytest tests"><testsuite name="pytest" errors="0" failures="2" skipped="0" tests="13" time="7.405" timestamp="2026-02-06T17:47:22.748584+00:00" hostname="agent-env-c9f16252-161f-4e7e-92f8-b5c27d2bb623"><testcase classname="backend.tests.test_chat_websocket.TestHealthEndpoint" name="test_health_endpoint" time="0.071" /><testcase classname="backend.tests.test_chat_websocket.TestChatPresets" name="test_get_rider_presets" time="0.037" /><testcase classname="backend.tests.test_chat_websocket.TestChatPresets" name="test_get_driver_presets" time="0.043" /><testcase classname="backend.tests.test_chat_websocket.TestChatPresets" name="test_invalid_role_returns_rider_presets" time="0.037" /><testcase classname="backend.tests.test_chat_websocket.TestAIChat" name="test_ai_chat_basic_message" time="2.794" /><testcase classname="backend.tests.test_chat_websocket.TestAIChat" name="test_ai_chat_maintains_session" time="4.116" /><testcase classname="backend.tests.test_chat_websocket.TestChatHistory" name="test_get_chat_history_for_existing_user" time="0.059" /><testcase classname="backend.tests.test_chat_websocket.TestChatHistory" name="test_get_chat_history_for_new_user" time="0.038" /><testcase classname="backend.tests.test_chat_websocket.TestUnreadCount" name="test_get_unread_count" time="0.039" /><testcase classname="backend.tests.test_chat_websocket.TestUnreadCount" name="test_get_unread_count_new_user" time="0.036" /><testcase classname="backend.tests.test_chat_websocket.TestWebSocketChat" name="test_websocket_connection" time="0.000"><failure message="Failed: async def functions are not natively supported.&#10;You need to install a suitable plugin for your async framework, for example:&#10;  - anyio&#10;  - pytest-asyncio&#10;  - pytest-tornasync&#10;  - pytest-trio&#10;  - pytest-twisted">async def functions are not natively supported.
You need to install a suitable plugin for your async framework, for example:
  - anyio
  - pytest-asyncio
  - pytest-tornasync
  - pytest-trio
  - pytest-twisted</failure></testcase><testcase classname="backend.tests.test_chat_websocket.TestWebSocketChat" name="test_websocket_send_message" time="0.000"><failure message="Failed: async def functions are not natively supported.&#10;You need to install a suitable plugin for your async framework, for example:&#10;  - anyio&#10;  - pytest-asyncio&#10;  - pytest-tornasync&#10;  - pytest-trio&#10;  - pytest-twisted">async def functions are not natively supported.
You need to install a suitable plugin for your async framework, for example:
  - anyio
  - pytest-asyncio
  - pytest-tornasync
  - pytest-trio
  - pytest-twisted</failure></testcase><testcase classname="backend.tests.test_chat_websocket.TestWebSocketSync" name="test_websocket_basic_connection" time="0.051" /></testsuite></testsuites>