<?xml version="1.0" encoding="utf-8"?><testsuites name="pytest tests"><testsuite name="pytest" errors="0" failures="0" skipped="0" tests="20" time="1.173" timestamp="2026-02-06T18:17:25.556301+00:00" hostname="agent-env-c9f16252-161f-4e7e-92f8-b5c27d2bb623"><testcase classname="backend.tests.test_phase3_refactoring.TestHealthEndpoint" name="test_health_check" time="0.098" /><testcase classname="backend.tests.test_phase3_refactoring.TestDriversRouter" name="test_get_available_drivers" time="0.039" /><testcase classname="backend.tests.test_phase3_refactoring.TestDriversRouter" name="test_get_available_drivers_with_filters" time="0.036" /><testcase classname="backend.tests.test_phase3_refactoring.TestDriversRouter" name="test_get_heatmap_with_city" time="0.038" /><testcase classname="backend.tests.test_phase3_refactoring.TestDriversRouter" name="test_get_heatmap_with_coordinates" time="0.048" /><testcase classname="backend.tests.test_phase3_refactoring.TestDriversRouter" name="test_get_driver_earnings_dashboard" time="0.042" /><testcase classname="backend.tests.test_phase3_refactoring.TestDriversRouter" name="test_get_driver_earnings_with_period" time="0.119" /><testcase classname="backend.tests.test_phase3_refactoring.TestDriversRouter" name="test_get_driver_verification_status" time="0.039" /><testcase classname="backend.tests.test_phase3_refactoring.TestGamificationRouter" name="test_get_active_challenges" time="0.037" /><testcase classname="backend.tests.test_phase3_refactoring.TestGamificationRouter" name="test_get_driver_leaderboard" time="0.039" /><testcase classname="backend.tests.test_phase3_refactoring.TestGamificationRouter" name="test_get_leaderboard_with_filters" time="0.171" /><testcase classname="backend.tests.test_phase3_refactoring.TestGamificationRouter" name="test_get_top_rated_drivers" time="0.041" /><testcase classname="backend.tests.test_phase3_refactoring.TestGamificationRouter" name="test_get_loyalty_status" time="0.075" /><testcase classname="backend.tests.test_phase3_refactoring.TestChatRouter" name="test_chat_presets_rider" time="0.035" /><testcase classname="backend.tests.test_phase3_refactoring.TestChatRouter" name="test_chat_presets_driver" time="0.041" /><testcase classname="backend.tests.test_phase3_refactoring.TestUsersRouter" name="test_user_preferences" time="0.036" /><testcase classname="backend.tests.test_phase3_refactoring.TestAdditionalDriversEndpoints" name="test_driver_stats" time="0.046" /><testcase classname="backend.tests.test_phase3_refactoring.TestAdditionalDriversEndpoints" name="test_driver_onboarding_status" time="0.037" /><testcase classname="backend.tests.test_phase3_refactoring.TestAdditionalGamificationEndpoints" name="test_driver_certification" time="0.035" /><testcase classname="backend.tests.test_phase3_refactoring.TestAdditionalGamificationEndpoints" name="test_driver_streaks" time="0.034" /></testsuite></testsuites>