<?xml version="1.0" encoding="utf-8"?><testsuites name="pytest tests"><testsuite name="pytest" errors="0" failures="0" skipped="1" tests="27" time="1.228" timestamp="2026-02-06T14:15:29.384147+00:00" hostname="agent-env-4b016d0f-37f5-46af-9ad9-d34a63c90120"><testcase classname="backend.tests.test_full_ride_flow.TestSetup" name="test_01_create_test_rider" time="0.000" /><testcase classname="backend.tests.test_full_ride_flow.TestSetup" name="test_02_create_test_driver" time="0.000" /><testcase classname="backend.tests.test_full_ride_flow.TestSetup" name="test_03_setup_driver_profile_and_subscription" time="0.163" /><testcase classname="backend.tests.test_full_ride_flow.TestTripCreationWithCustomPrice" name="test_01_create_trip_with_custom_price" time="0.034" /><testcase classname="backend.tests.test_full_ride_flow.TestTripCreationWithCustomPrice" name="test_02_get_trip_status" time="0.034" /><testcase classname="backend.tests.test_full_ride_flow.TestDriverPolling" name="test_01_driver_polls_pending_trips" time="0.034" /><testcase classname="backend.tests.test_full_ride_flow.TestTripAcceptance" name="test_01_driver_accepts_trip" time="0.038" /><testcase classname="backend.tests.test_full_ride_flow.TestTripAcceptance" name="test_02_verify_trip_accepted_status" time="0.033" /><testcase classname="backend.tests.test_full_ride_flow.TestInTripChat" name="test_01_rider_sends_chat_message" time="0.036" /><testcase classname="backend.tests.test_full_ride_flow.TestInTripChat" name="test_02_get_chat_messages" time="0.036" /><testcase classname="backend.tests.test_full_ride_flow.TestInTripCall" name="test_01_rider_calls_driver" time="0.037"><skipped type="pytest.skip" message="Phone number not available - need pre-seeded test data">/app/backend/tests/test_full_ride_flow.py:312: Phone number not available - need pre-seeded test data</skipped></testcase><testcase classname="backend.tests.test_full_ride_flow.TestInTripCall" name="test_01b_call_using_preseeded_test_data" time="0.039" /><testcase classname="backend.tests.test_full_ride_flow.TestInTripCall" name="test_02_call_nonexistent_trip" time="0.037" /><testcase classname="backend.tests.test_full_ride_flow.TestInTripCall" name="test_03_call_completed_trip_should_fail" time="0.036" /><testcase classname="backend.tests.test_full_ride_flow.TestTripStartAndComplete" name="test_01_start_trip" time="0.032" /><testcase classname="backend.tests.test_full_ride_flow.TestTripStartAndComplete" name="test_02_complete_trip" time="0.032" /><testcase classname="backend.tests.test_full_ride_flow.TestTripRating" name="test_01_rider_rates_trip" time="0.041" /><testcase classname="backend.tests.test_full_ride_flow.TestRiderTripHistory" name="test_01_get_rider_trip_history" time="0.034" /><testcase classname="backend.tests.test_full_ride_flow.TestBiddingFlow" name="test_01_rider_creates_bid" time="0.119" /><testcase classname="backend.tests.test_full_ride_flow.TestBiddingFlow" name="test_02_driver_sees_open_bids" time="0.039" /><testcase classname="backend.tests.test_full_ride_flow.TestBiddingFlow" name="test_03_driver_makes_counter_offer" time="0.035" /><testcase classname="backend.tests.test_full_ride_flow.TestBiddingFlow" name="test_04_rider_accepts_driver_offer" time="0.035" /><testcase classname="backend.tests.test_full_ride_flow.TestEdgeCases" name="test_01_accept_nonexistent_trip" time="0.035" /><testcase classname="backend.tests.test_full_ride_flow.TestEdgeCases" name="test_02_accept_without_driver_id" time="0.034" /><testcase classname="backend.tests.test_full_ride_flow.TestEdgeCases" name="test_03_get_nonexistent_trip" time="0.034" /><testcase classname="backend.tests.test_full_ride_flow.TestEdgeCases" name="test_04_rate_uncompleted_trip" time="0.067" /><testcase classname="backend.tests.test_full_ride_flow.TestEdgeCases" name="test_05_bid_counter_offer_closed_bid" time="0.041" /></testsuite></testsuites>