<?xml version="1.0" encoding="utf-8"?><testsuites name="pytest tests"><testsuite name="pytest" errors="0" failures="0" skipped="0" tests="17" time="3.508" timestamp="2026-02-06T13:43:51.452471+00:00" hostname="agent-env-4b016d0f-37f5-46af-9ad9-d34a63c90120"><testcase classname="backend.tests.test_chat_and_call.TestChatPresets" name="test_get_rider_presets" time="0.071" /><testcase classname="backend.tests.test_chat_and_call.TestChatPresets" name="test_get_driver_presets" time="0.034" /><testcase classname="backend.tests.test_chat_and_call.TestChatPresets" name="test_get_invalid_role_presets_defaults_to_rider" time="0.041" /><testcase classname="backend.tests.test_chat_and_call.TestChatMessaging" name="test_rider_send_message" time="0.036" /><testcase classname="backend.tests.test_chat_and_call.TestChatMessaging" name="test_driver_send_message" time="0.038" /><testcase classname="backend.tests.test_chat_and_call.TestChatMessaging" name="test_send_preset_message" time="0.034" /><testcase classname="backend.tests.test_chat_and_call.TestChatMessaging" name="test_get_trip_messages" time="0.041" /><testcase classname="backend.tests.test_chat_and_call.TestChatMessaging" name="test_poll_messages_with_since" time="1.072" /><testcase classname="backend.tests.test_chat_and_call.TestChatMessaging" name="test_send_message_invalid_trip" time="0.036" /><testcase classname="backend.tests.test_chat_and_call.TestChatMessaging" name="test_send_message_unauthorized_sender" time="0.033" /><testcase classname="backend.tests.test_chat_and_call.TestUnreadCount" name="test_get_unread_count" time="0.040" /><testcase classname="backend.tests.test_chat_and_call.TestUnreadCount" name="test_get_unread_count_driver" time="0.038" /><testcase classname="backend.tests.test_chat_and_call.TestTripCall" name="test_rider_calls_driver" time="0.079" /><testcase classname="backend.tests.test_chat_and_call.TestTripCall" name="test_driver_calls_rider" time="0.035" /><testcase classname="backend.tests.test_chat_and_call.TestTripCall" name="test_call_nonexistent_trip" time="0.034" /><testcase classname="backend.tests.test_chat_and_call.TestAIChat" name="test_ai_chat_basic" time="1.735" /><testcase classname="backend.tests.test_chat_and_call.TestPendingTripCallRejection" name="test_call_pending_trip_rejection" time="0.036" /></testsuite></testsuites>